[debug] [2023-05-18T15:37:51.949Z] ----------------------------------------------------------------------
[debug] [2023-05-18T15:37:51.951Z] Command:       /usr/local/bin/node /usr/local/bin/firebase emulators:start --only functions
[debug] [2023-05-18T15:37:51.951Z] CLI Version:   12.0.1
[debug] [2023-05-18T15:37:51.952Z] Platform:      darwin
[debug] [2023-05-18T15:37:51.952Z] Node Version:  v18.16.0
[debug] [2023-05-18T15:37:51.953Z] Time:          Thu May 18 2023 18:37:51 GMT+0300 (Eastern European Summer Time)
[debug] [2023-05-18T15:37:51.953Z] ----------------------------------------------------------------------
[debug] 
[debug] [2023-05-18T15:37:52.072Z] > command requires scopes: ["email","openid","https://www.googleapis.com/auth/cloudplatformprojects.readonly","https://www.googleapis.com/auth/firebase","https://www.googleapis.com/auth/cloud-platform"]
[debug] [2023-05-18T15:37:52.073Z] > authorizing via signed-in user (yuribar4520@gmail.com)
[info] i  emulators: Starting emulators: functions {"metadata":{"emulator":{"name":"hub"},"message":"Starting emulators: functions"}}
[debug] [2023-05-18T15:37:52.503Z] [logging] Logging Emulator only supports listening on one address (127.0.0.1). Not listening on ::1
[debug] [2023-05-18T15:37:52.504Z] assigned listening specs for emulators {"user":{"hub":[{"address":"127.0.0.1","family":"IPv4","port":4400},{"address":"::1","family":"IPv6","port":4400}],"ui":[{"address":"127.0.0.1","family":"IPv4","port":4000},{"address":"::1","family":"IPv6","port":4000}],"logging":[{"address":"127.0.0.1","family":"IPv4","port":4500}]},"metadata":{"message":"assigned listening specs for emulators"}}
[debug] [2023-05-18T15:37:52.518Z] [hub] writing locator at /var/folders/2l/0bqzk0gj3ml1sggr_mh1s0cw0000gn/T/hub-jobiz-c95b8.json
[debug] [2023-05-18T15:37:52.810Z] [functions] Functions Emulator only supports listening on one address (127.0.0.1). Not listening on ::1
[debug] [2023-05-18T15:37:52.811Z] [eventarc] Eventarc Emulator only supports listening on one address (127.0.0.1). Not listening on ::1
[debug] [2023-05-18T15:37:52.811Z] late-assigned ports for functions and eventarc emulators {"user":{"hub":[{"address":"127.0.0.1","family":"IPv4","port":4400},{"address":"::1","family":"IPv6","port":4400}],"ui":[{"address":"127.0.0.1","family":"IPv4","port":4000},{"address":"::1","family":"IPv6","port":4000}],"logging":[{"address":"127.0.0.1","family":"IPv4","port":4500}],"functions":[{"address":"127.0.0.1","family":"IPv4","port":5001}],"eventarc":[{"address":"127.0.0.1","family":"IPv4","port":9299}]},"metadata":{"message":"late-assigned ports for functions and eventarc emulators"}}
[warn] ⚠  functions: The following emulators are not running, calls to these services from the Functions emulator will affect production: auth, firestore, database, hosting, pubsub, storage {"metadata":{"emulator":{"name":"functions"},"message":"The following emulators are not running, calls to these services from the Functions emulator will affect production: \u001b[1mauth, firestore, database, hosting, pubsub, storage\u001b[22m"}}
[debug] [2023-05-18T15:37:52.815Z] defaultcredentials: writing to file /Users/yuriibaryliak/.config/firebase/yuribar4520_gmail_com_application_default_credentials.json
[debug] [2023-05-18T15:37:52.819Z] Setting GAC to /Users/yuriibaryliak/.config/firebase/yuribar4520_gmail_com_application_default_credentials.json {"metadata":{"emulator":{"name":"functions"},"message":"Setting GAC to /Users/yuriibaryliak/.config/firebase/yuribar4520_gmail_com_application_default_credentials.json"}}
[debug] [2023-05-18T15:37:52.820Z] >>> [apiv2][query] GET https://firebase.googleapis.com/v1beta1/projects/jobiz-c95b8/adminSdkConfig [none]
[debug] [2023-05-18T15:37:53.168Z] <<< [apiv2][status] GET https://firebase.googleapis.com/v1beta1/projects/jobiz-c95b8/adminSdkConfig 200
[debug] [2023-05-18T15:37:53.169Z] <<< [apiv2][body] GET https://firebase.googleapis.com/v1beta1/projects/jobiz-c95b8/adminSdkConfig {"projectId":"jobiz-c95b8","storageBucket":"jobiz-c95b8.appspot.com"}
[debug] [2023-05-18T15:37:53.206Z] Ignoring unsupported arg: auto_download {"metadata":{"emulator":{"name":"ui"},"message":"Ignoring unsupported arg: auto_download"}}
[debug] [2023-05-18T15:37:53.206Z] Ignoring unsupported arg: port {"metadata":{"emulator":{"name":"ui"},"message":"Ignoring unsupported arg: port"}}
[debug] [2023-05-18T15:37:53.206Z] Starting Emulator UI with command {"binary":"node","args":["/Users/yuriibaryliak/.cache/firebase/emulators/ui-v1.11.6/server/server.js"],"optionalArgs":[],"joinArgs":false} {"metadata":{"emulator":{"name":"ui"},"message":"Starting Emulator UI with command {\"binary\":\"node\",\"args\":[\"/Users/yuriibaryliak/.cache/firebase/emulators/ui-v1.11.6/server/server.js\"],\"optionalArgs\":[],\"joinArgs\":false}"}}
[info] i  ui: Emulator UI logging to ui-debug.log {"metadata":{"emulator":{"name":"ui"},"message":"Emulator UI logging to \u001b[1mui-debug.log\u001b[22m"}}
[debug] [2023-05-18T15:37:53.328Z] Web / API server started at 127.0.0.1:4000
 {"metadata":{"emulator":{"name":"ui"},"message":"Web / API server started at 127.0.0.1:4000\n"}}
[debug] [2023-05-18T15:37:53.328Z] Web / API server started at ::1:4000
 {"metadata":{"emulator":{"name":"ui"},"message":"Web / API server started at ::1:4000\n"}}
[info] i  functions: Watching "/Users/yuriibaryliak/jobiz-backend/functions" for Cloud Functions... {"metadata":{"emulator":{"name":"functions"},"message":"Watching \"/Users/yuriibaryliak/jobiz-backend/functions\" for Cloud Functions..."}}
[debug] [2023-05-18T15:37:53.471Z] Validating nodejs source
[debug] [2023-05-18T15:37:54.931Z] > [functions] package.json contents: {
  "name": "functions",
  "scripts": {
    "lint": "eslint --ext .js,.ts .",
    "build": "tsc",
    "build:watch": "tsc --watch",
    "serve": "npm run build && firebase emulators:start --only functions",
    "shell": "npm run build && firebase functions:shell",
    "start": "npm run shell",
    "deploy": "firebase deploy --only functions",
    "logs": "firebase functions:log",
    "prepare": "husky install"
  },
  "engines": {
    "node": "18"
  },
  "main": "lib/index.js",
  "dependencies": {
    "body-parser": "^1.20.2",
    "dotenv": "^16.0.3",
    "express": "^4.18.2",
    "firebase-admin": "^11.8.0",
    "firebase-functions": "^4.3.1",
    "helmet": "^7.0.0",
    "uuid": "^9.0.0",
    "yup": "^1.1.1"
  },
  "devDependencies": {
    "@types/uuid": "^9.0.1",
    "@typescript-eslint/eslint-plugin": "^5.12.0",
    "@typescript-eslint/parser": "^5.12.0",
    "eslint": "^8.9.0",
    "eslint-config-google": "^0.14.0",
    "eslint-plugin-import": "^2.25.4",
    "firebase-functions-test": "^3.1.0",
    "husky": ">=6",
    "jest": "^29.5.0",
    "lint-staged": ">=10",
    "prettier": "^2.8.8",
    "typescript": "^4.9.0"
  },
  "private": true,
  "lint-staged": {
    "*.{ts}": "eslint --cache --fix",
    "*.{ts,md}": "prettier --write"
  }
}
[debug] [2023-05-18T15:37:54.932Z] Building nodejs source
[debug] [2023-05-18T15:37:54.932Z] Failed to find version of module node: reached end of search path /Users/yuriibaryliak/jobiz-backend/functions/node_modules
[info] ✔  functions: Using node@18 from host. 
[debug] [2023-05-18T15:37:54.935Z] Could not find functions.yaml. Must use http discovery
[debug] [2023-05-18T15:37:54.941Z] Found firebase-functions binary at '/Users/yuriibaryliak/jobiz-backend/functions/node_modules/.bin/firebase-functions'
[debug] [2023-05-18T15:37:55.128Z] Serving at port 8740

[debug] [2023-05-18T15:37:55.448Z] Got response from /__/functions.yaml {"endpoints":{"api":{"platform":"gcfv1","availableMemoryMb":null,"timeoutSeconds":null,"minInstances":null,"maxInstances":null,"ingressSettings":null,"serviceAccountEmail":null,"vpc":null,"httpsTrigger":{},"entryPoint":"api"}},"specVersion":"v1alpha1","requiredAPIs":[]}
[debug] [2023-05-18T15:37:55.454Z] shutdown requested via /__/quitquitquit

[info] ✔  functions: Loaded functions definitions from source: api. {"metadata":{"emulator":{"name":"functions"},"message":"Loaded functions definitions from source: api."}}
[info] ✔  functions[us-central1-api]: http function initialized (http://127.0.0.1:5001/jobiz-c95b8/us-central1/api). {"metadata":{"emulator":{"name":"functions"},"message":"\u001b[1mhttp\u001b[22m function initialized (http://127.0.0.1:5001/jobiz-c95b8/us-central1/api)."}}
[info] 
┌─────────────────────────────────────────────────────────────┐
│ ✔  All emulators ready! It is now safe to connect your app. │
│ i  View Emulator UI at http://127.0.0.1:4000/               │
└─────────────────────────────────────────────────────────────┘

┌───────────┬────────────────┬─────────────────────────────────┐
│ Emulator  │ Host:Port      │ View in Emulator UI             │
├───────────┼────────────────┼─────────────────────────────────┤
│ Functions │ 127.0.0.1:5001 │ http://127.0.0.1:4000/functions │
└───────────┴────────────────┴─────────────────────────────────┘
  Emulator Hub running at 127.0.0.1:4400
  Other reserved ports: 4500

Issues? Report them at https://github.com/firebase/firebase-tools/issues and attach the *-debug.log files.
 
[debug] [2023-05-18T15:38:04.346Z] [work-queue] {"queuedWork":["/jobiz-c95b8/us-central1/api/users/-2023-05-18T15:38:04.346Z"],"queueLength":1,"runningWork":[],"workRunningCount":0}
[debug] [2023-05-18T15:38:04.346Z] [work-queue] {"queuedWork":[],"queueLength":0,"runningWork":["/jobiz-c95b8/us-central1/api/users/-2023-05-18T15:38:04.346Z"],"workRunningCount":1}
[debug] [2023-05-18T15:38:04.347Z] Accepted request GET /jobiz-c95b8/us-central1/api/users/ --> us-central1-api
[debug] [2023-05-18T15:38:04.351Z] [functions] Runtime ready! Sending request! {"metadata":{"emulator":{"name":"functions"},"message":"[functions] Runtime ready! Sending request!"}}
[debug] [2023-05-18T15:38:04.352Z] [functions] Got req.url=/jobiz-c95b8/us-central1/api/users/, mapping to path=/users/ {"metadata":{"emulator":{"name":"functions"},"message":"[functions] Got req.url=/jobiz-c95b8/us-central1/api/users/, mapping to path=/users/"}}
[debug] [2023-05-18T15:38:04.355Z] [worker-pool] addWorker(us-central1-api) {"metadata":{"emulator":{"name":"functions"},"message":"[worker-pool] addWorker(us-central1-api)"}}
[debug] [2023-05-18T15:38:04.356Z] [worker-pool] Adding worker with key us-central1-api, total=1 {"metadata":{"emulator":{"name":"functions"},"message":"[worker-pool] Adding worker with key us-central1-api, total=1"}}
[debug] [2023-05-18T15:38:05.126Z] [runtime-status] [22577] Resolved module firebase-admin {"declared":true,"installed":true,"version":"11.8.0","resolution":"/Users/yuriibaryliak/jobiz-backend/functions/node_modules/firebase-admin/lib/index.js"} {"metadata":{"emulator":{"name":"functions"},"function":{"name":"us-central1-api"},"extension":{},"message":"[runtime-status] [22577] Resolved module firebase-admin {\"declared\":true,\"installed\":true,\"version\":\"11.8.0\",\"resolution\":\"/Users/yuriibaryliak/jobiz-backend/functions/node_modules/firebase-admin/lib/index.js\"}"}}
[debug] [2023-05-18T15:38:05.126Z] [runtime-status] [22577] Resolved module firebase-functions {"declared":true,"installed":true,"version":"4.4.0","resolution":"/Users/yuriibaryliak/jobiz-backend/functions/node_modules/firebase-functions/lib/v1/index.js"} {"metadata":{"emulator":{"name":"functions"},"function":{"name":"us-central1-api"},"extension":{},"message":"[runtime-status] [22577] Resolved module firebase-functions {\"declared\":true,\"installed\":true,\"version\":\"4.4.0\",\"resolution\":\"/Users/yuriibaryliak/jobiz-backend/functions/node_modules/firebase-functions/lib/v1/index.js\"}"}}
[debug] [2023-05-18T15:38:05.126Z] [runtime-status] [22577] Outgoing network have been stubbed. [{"name":"http","status":"mocked"},{"name":"http","status":"mocked"},{"name":"https","status":"mocked"},{"name":"https","status":"mocked"},{"name":"net","status":"mocked"}] {"metadata":{"emulator":{"name":"functions"},"function":{"name":"us-central1-api"},"extension":{},"message":"[runtime-status] [22577] Outgoing network have been stubbed. [{\"name\":\"http\",\"status\":\"mocked\"},{\"name\":\"http\",\"status\":\"mocked\"},{\"name\":\"https\",\"status\":\"mocked\"},{\"name\":\"https\",\"status\":\"mocked\"},{\"name\":\"net\",\"status\":\"mocked\"}]"}}
[debug] [2023-05-18T15:38:05.127Z] [runtime-status] [22577] Resolved module firebase-functions {"declared":true,"installed":true,"version":"4.4.0","resolution":"/Users/yuriibaryliak/jobiz-backend/functions/node_modules/firebase-functions/lib/v1/index.js"} {"metadata":{"emulator":{"name":"functions"},"function":{"name":"us-central1-api"},"extension":{},"message":"[runtime-status] [22577] Resolved module firebase-functions {\"declared\":true,\"installed\":true,\"version\":\"4.4.0\",\"resolution\":\"/Users/yuriibaryliak/jobiz-backend/functions/node_modules/firebase-functions/lib/v1/index.js\"}"}}
[debug] [2023-05-18T15:38:05.288Z] [runtime-status] [22577] Checked functions.config() {"config":{}} {"metadata":{"emulator":{"name":"functions"},"function":{"name":"us-central1-api"},"extension":{},"message":"[runtime-status] [22577] Checked functions.config() {\"config\":{}}"}}
[debug] [2023-05-18T15:38:05.288Z] [runtime-status] [22577] firebase-functions has been stubbed. {"functionsResolution":{"declared":true,"installed":true,"version":"4.4.0","resolution":"/Users/yuriibaryliak/jobiz-backend/functions/node_modules/firebase-functions/lib/v1/index.js"}} {"metadata":{"emulator":{"name":"functions"},"function":{"name":"us-central1-api"},"extension":{},"message":"[runtime-status] [22577] firebase-functions has been stubbed. {\"functionsResolution\":{\"declared\":true,\"installed\":true,\"version\":\"4.4.0\",\"resolution\":\"/Users/yuriibaryliak/jobiz-backend/functions/node_modules/firebase-functions/lib/v1/index.js\"}}"}}
[debug] [2023-05-18T15:38:05.289Z] [runtime-status] [22577] Resolved module firebase-functions {"declared":true,"installed":true,"version":"4.4.0","resolution":"/Users/yuriibaryliak/jobiz-backend/functions/node_modules/firebase-functions/lib/v1/index.js"} {"metadata":{"emulator":{"name":"functions"},"function":{"name":"us-central1-api"},"extension":{},"message":"[runtime-status] [22577] Resolved module firebase-functions {\"declared\":true,\"installed\":true,\"version\":\"4.4.0\",\"resolution\":\"/Users/yuriibaryliak/jobiz-backend/functions/node_modules/firebase-functions/lib/v1/index.js\"}"}}
[debug] [2023-05-18T15:38:05.290Z] [runtime-status] [22577] Resolved module firebase-admin {"declared":true,"installed":true,"version":"11.8.0","resolution":"/Users/yuriibaryliak/jobiz-backend/functions/node_modules/firebase-admin/lib/index.js"} {"metadata":{"emulator":{"name":"functions"},"function":{"name":"us-central1-api"},"extension":{},"message":"[runtime-status] [22577] Resolved module firebase-admin {\"declared\":true,\"installed\":true,\"version\":\"11.8.0\",\"resolution\":\"/Users/yuriibaryliak/jobiz-backend/functions/node_modules/firebase-admin/lib/index.js\"}"}}
[debug] [2023-05-18T15:38:05.291Z] [runtime-status] [22577] Resolved module firebase-functions {"declared":true,"installed":true,"version":"4.4.0","resolution":"/Users/yuriibaryliak/jobiz-backend/functions/node_modules/firebase-functions/lib/v1/index.js"} {"metadata":{"emulator":{"name":"functions"},"function":{"name":"us-central1-api"},"extension":{},"message":"[runtime-status] [22577] Resolved module firebase-functions {\"declared\":true,\"installed\":true,\"version\":\"4.4.0\",\"resolution\":\"/Users/yuriibaryliak/jobiz-backend/functions/node_modules/firebase-functions/lib/v1/index.js\"}"}}
[debug] [2023-05-18T15:38:05.291Z] [runtime-status] [22577] firebase-admin has been stubbed. {"adminResolution":{"declared":true,"installed":true,"version":"11.8.0","resolution":"/Users/yuriibaryliak/jobiz-backend/functions/node_modules/firebase-admin/lib/index.js"}} {"metadata":{"emulator":{"name":"functions"},"function":{"name":"us-central1-api"},"extension":{},"message":"[runtime-status] [22577] firebase-admin has been stubbed. {\"adminResolution\":{\"declared\":true,\"installed\":true,\"version\":\"11.8.0\",\"resolution\":\"/Users/yuriibaryliak/jobiz-backend/functions/node_modules/firebase-admin/lib/index.js\"}}"}}
[warn] ⚠  It looks like you're trying to access functions.config().firebase but there is no value there. You can learn more about setting up config here: https://firebase.google.com/docs/functions/local-emulator {"metadata":{"emulator":{"name":"functions"},"function":{"name":"us-central1-api"},"extension":{},"message":"It looks like you're trying to access functions.config().firebase but there is no value there. You can learn more about setting up config here: https://firebase.google.com/docs/functions/local-emulator"}}
[debug] [2023-05-18T15:38:05.356Z] [runtime-status] [22577] initializeApp(DEFAULT) {"storageBucket":"jobiz-c95b8.appspot.com","projectId":"jobiz-c95b8"} {"metadata":{"emulator":{"name":"functions"},"function":{"name":"us-central1-api"},"extension":{},"message":"[runtime-status] [22577] initializeApp(DEFAULT) {\"storageBucket\":\"jobiz-c95b8.appspot.com\",\"projectId\":\"jobiz-c95b8\"}"}}
[warn] ⚠  functions: The Cloud Firestore emulator is not running, so calls to Firestore will affect production. {"metadata":{"emulator":{"name":"functions"},"function":{"name":"us-central1-api"},"extension":{},"message":"The Cloud Firestore emulator is not running, so calls to Firestore will affect production."}}
[debug] [2023-05-18T15:38:05.378Z] [runtime-status] [22577] Functions runtime initialized. {"cwd":"/Users/yuriibaryliak/jobiz-backend/functions","node_version":"18.16.0"} {"metadata":{"emulator":{"name":"functions"},"function":{"name":"us-central1-api"},"extension":{},"message":"[runtime-status] [22577] Functions runtime initialized. {\"cwd\":\"/Users/yuriibaryliak/jobiz-backend/functions\",\"node_version\":\"18.16.0\"}"}}
[debug] [2023-05-18T15:38:05.379Z] [runtime-status] [22577] Listening to port: /var/folders/2l/0bqzk0gj3ml1sggr_mh1s0cw0000gn/T/fire_emu_8dbcbf1b6f2cf2b8.sock {"metadata":{"emulator":{"name":"functions"},"function":{"name":"us-central1-api"},"extension":{},"message":"[runtime-status] [22577] Listening to port: /var/folders/2l/0bqzk0gj3ml1sggr_mh1s0cw0000gn/T/fire_emu_8dbcbf1b6f2cf2b8.sock"}}
[debug] [2023-05-18T15:38:05.483Z] [worker-us-central1-api-707a594a-ca96-4437-aa92-e947bb20cf3e]: IDLE {"metadata":{"emulator":{"name":"functions"},"function":{"name":"us-central1-api"},"extension":{},"message":"[worker-us-central1-api-707a594a-ca96-4437-aa92-e947bb20cf3e]: IDLE"}}
[debug] [2023-05-18T15:38:05.483Z] [worker-pool] submitRequest(triggerId=us-central1-api) {"metadata":{"emulator":{"name":"functions"},"message":"[worker-pool] submitRequest(triggerId=us-central1-api)"}}
[info] i  functions: Beginning execution of "us-central1-api" {"metadata":{"emulator":{"name":"functions"},"function":{"name":"us-central1-api"},"extension":{},"message":"Beginning execution of \"us-central1-api\""}}
[debug] [2023-05-18T15:38:05.484Z] [worker-us-central1-api-707a594a-ca96-4437-aa92-e947bb20cf3e]: BUSY {"metadata":{"emulator":{"name":"functions"},"function":{"name":"us-central1-api"},"extension":{},"message":"[worker-us-central1-api-707a594a-ca96-4437-aa92-e947bb20cf3e]: BUSY"}}
[debug] [2023-05-18T15:38:05.491Z] Finishing up request with event=pause {"metadata":{"emulator":{"name":"functions"},"function":{"name":"us-central1-api"},"extension":{},"message":"Finishing up request with event=pause"}}
[info] i  functions: Finished "us-central1-api" in 7.551263ms {"metadata":{"emulator":{"name":"functions"},"function":{"name":"us-central1-api"},"extension":{},"message":"Finished \"us-central1-api\" in 7.551263ms"}}
[debug] [2023-05-18T15:38:05.492Z] [worker-us-central1-api-707a594a-ca96-4437-aa92-e947bb20cf3e]: IDLE {"metadata":{"emulator":{"name":"functions"},"function":{"name":"us-central1-api"},"extension":{},"message":"[worker-us-central1-api-707a594a-ca96-4437-aa92-e947bb20cf3e]: IDLE"}}
[debug] [2023-05-18T15:38:05.492Z] Finishing up request with event=finish {"metadata":{"emulator":{"name":"functions"},"function":{"name":"us-central1-api"},"extension":{},"message":"Finishing up request with event=finish"}}
[debug] [2023-05-18T15:38:05.492Z] Finishing up request with event=close {"metadata":{"emulator":{"name":"functions"},"function":{"name":"us-central1-api"},"extension":{},"message":"Finishing up request with event=close"}}
[debug] [2023-05-18T15:38:05.492Z] [work-queue] {"queuedWork":[],"queueLength":0,"runningWork":[],"workRunningCount":0}
[debug] [2023-05-18T15:38:08.299Z] [work-queue] {"queuedWork":["/jobiz-c95b8/us-central1/api/users-2023-05-18T15:38:08.299Z"],"queueLength":1,"runningWork":[],"workRunningCount":0}
[debug] [2023-05-18T15:38:08.299Z] [work-queue] {"queuedWork":[],"queueLength":0,"runningWork":["/jobiz-c95b8/us-central1/api/users-2023-05-18T15:38:08.299Z"],"workRunningCount":1}
[debug] [2023-05-18T15:38:08.300Z] Accepted request GET /jobiz-c95b8/us-central1/api/users --> us-central1-api
[debug] [2023-05-18T15:38:08.303Z] [functions] Runtime ready! Sending request! {"metadata":{"emulator":{"name":"functions"},"message":"[functions] Runtime ready! Sending request!"}}
[debug] [2023-05-18T15:38:08.303Z] [functions] Got req.url=/jobiz-c95b8/us-central1/api/users, mapping to path=/users {"metadata":{"emulator":{"name":"functions"},"message":"[functions] Got req.url=/jobiz-c95b8/us-central1/api/users, mapping to path=/users"}}
[debug] [2023-05-18T15:38:08.303Z] [worker-pool] submitRequest(triggerId=us-central1-api) {"metadata":{"emulator":{"name":"functions"},"message":"[worker-pool] submitRequest(triggerId=us-central1-api)"}}
[info] i  functions: Beginning execution of "us-central1-api" {"metadata":{"emulator":{"name":"functions"},"function":{"name":"us-central1-api"},"extension":{},"message":"Beginning execution of \"us-central1-api\""}}
[debug] [2023-05-18T15:38:08.304Z] [worker-us-central1-api-707a594a-ca96-4437-aa92-e947bb20cf3e]: BUSY {"metadata":{"emulator":{"name":"functions"},"function":{"name":"us-central1-api"},"extension":{},"message":"[worker-us-central1-api-707a594a-ca96-4437-aa92-e947bb20cf3e]: BUSY"}}
[debug] [2023-05-18T15:38:08.306Z] Finishing up request with event=pause {"metadata":{"emulator":{"name":"functions"},"function":{"name":"us-central1-api"},"extension":{},"message":"Finishing up request with event=pause"}}
[info] i  functions: Finished "us-central1-api" in 3.06082ms {"metadata":{"emulator":{"name":"functions"},"function":{"name":"us-central1-api"},"extension":{},"message":"Finished \"us-central1-api\" in 3.06082ms"}}
[debug] [2023-05-18T15:38:08.307Z] [worker-us-central1-api-707a594a-ca96-4437-aa92-e947bb20cf3e]: IDLE {"metadata":{"emulator":{"name":"functions"},"function":{"name":"us-central1-api"},"extension":{},"message":"[worker-us-central1-api-707a594a-ca96-4437-aa92-e947bb20cf3e]: IDLE"}}
[debug] [2023-05-18T15:38:08.307Z] Finishing up request with event=finish {"metadata":{"emulator":{"name":"functions"},"function":{"name":"us-central1-api"},"extension":{},"message":"Finishing up request with event=finish"}}
[debug] [2023-05-18T15:38:08.307Z] Finishing up request with event=close {"metadata":{"emulator":{"name":"functions"},"function":{"name":"us-central1-api"},"extension":{},"message":"Finishing up request with event=close"}}
[debug] [2023-05-18T15:38:08.307Z] [work-queue] {"queuedWork":[],"queueLength":0,"runningWork":[],"workRunningCount":0}
[debug] [2023-05-18T15:38:18.904Z] [work-queue] {"queuedWork":["/jobiz-c95b8/us-central1/api/setupEmployee-2023-05-18T15:38:18.904Z"],"queueLength":1,"runningWork":[],"workRunningCount":0}
[debug] [2023-05-18T15:38:18.904Z] [work-queue] {"queuedWork":[],"queueLength":0,"runningWork":["/jobiz-c95b8/us-central1/api/setupEmployee-2023-05-18T15:38:18.904Z"],"workRunningCount":1}
[debug] [2023-05-18T15:38:18.904Z] Accepted request GET /jobiz-c95b8/us-central1/api/setupEmployee --> us-central1-api
[debug] [2023-05-18T15:38:18.908Z] [functions] Runtime ready! Sending request! {"metadata":{"emulator":{"name":"functions"},"message":"[functions] Runtime ready! Sending request!"}}
[debug] [2023-05-18T15:38:18.908Z] [functions] Got req.url=/jobiz-c95b8/us-central1/api/setupEmployee, mapping to path=/setupEmployee {"metadata":{"emulator":{"name":"functions"},"message":"[functions] Got req.url=/jobiz-c95b8/us-central1/api/setupEmployee, mapping to path=/setupEmployee"}}
[debug] [2023-05-18T15:38:18.908Z] [worker-pool] submitRequest(triggerId=us-central1-api) {"metadata":{"emulator":{"name":"functions"},"message":"[worker-pool] submitRequest(triggerId=us-central1-api)"}}
[info] i  functions: Beginning execution of "us-central1-api" {"metadata":{"emulator":{"name":"functions"},"function":{"name":"us-central1-api"},"extension":{},"message":"Beginning execution of \"us-central1-api\""}}
[debug] [2023-05-18T15:38:18.908Z] [worker-us-central1-api-707a594a-ca96-4437-aa92-e947bb20cf3e]: BUSY {"metadata":{"emulator":{"name":"functions"},"function":{"name":"us-central1-api"},"extension":{},"message":"[worker-us-central1-api-707a594a-ca96-4437-aa92-e947bb20cf3e]: BUSY"}}
[debug] [2023-05-18T15:38:18.913Z] Finishing up request with event=pause {"metadata":{"emulator":{"name":"functions"},"function":{"name":"us-central1-api"},"extension":{},"message":"Finishing up request with event=pause"}}
[info] i  functions: Finished "us-central1-api" in 5.255261ms {"metadata":{"emulator":{"name":"functions"},"function":{"name":"us-central1-api"},"extension":{},"message":"Finished \"us-central1-api\" in 5.255261ms"}}
[debug] [2023-05-18T15:38:18.914Z] [worker-us-central1-api-707a594a-ca96-4437-aa92-e947bb20cf3e]: IDLE {"metadata":{"emulator":{"name":"functions"},"function":{"name":"us-central1-api"},"extension":{},"message":"[worker-us-central1-api-707a594a-ca96-4437-aa92-e947bb20cf3e]: IDLE"}}
[debug] [2023-05-18T15:38:18.914Z] Finishing up request with event=finish {"metadata":{"emulator":{"name":"functions"},"function":{"name":"us-central1-api"},"extension":{},"message":"Finishing up request with event=finish"}}
[debug] [2023-05-18T15:38:18.914Z] Finishing up request with event=close {"metadata":{"emulator":{"name":"functions"},"function":{"name":"us-central1-api"},"extension":{},"message":"Finishing up request with event=close"}}
[debug] [2023-05-18T15:38:18.914Z] [work-queue] {"queuedWork":[],"queueLength":0,"runningWork":[],"workRunningCount":0}
[debug] [2023-05-18T15:38:23.139Z] [work-queue] {"queuedWork":["/jobiz-c95b8/us-central1/api/setupEmployee-2023-05-18T15:38:23.139Z"],"queueLength":1,"runningWork":[],"workRunningCount":0}
[debug] [2023-05-18T15:38:23.140Z] [work-queue] {"queuedWork":[],"queueLength":0,"runningWork":["/jobiz-c95b8/us-central1/api/setupEmployee-2023-05-18T15:38:23.139Z"],"workRunningCount":1}
[debug] [2023-05-18T15:38:23.140Z] Accepted request PUT /jobiz-c95b8/us-central1/api/setupEmployee --> us-central1-api
[debug] [2023-05-18T15:38:23.143Z] [functions] Runtime ready! Sending request! {"metadata":{"emulator":{"name":"functions"},"message":"[functions] Runtime ready! Sending request!"}}
[debug] [2023-05-18T15:38:23.144Z] [functions] Got req.url=/jobiz-c95b8/us-central1/api/setupEmployee, mapping to path=/setupEmployee {"metadata":{"emulator":{"name":"functions"},"message":"[functions] Got req.url=/jobiz-c95b8/us-central1/api/setupEmployee, mapping to path=/setupEmployee"}}
[debug] [2023-05-18T15:38:23.144Z] [worker-pool] submitRequest(triggerId=us-central1-api) {"metadata":{"emulator":{"name":"functions"},"message":"[worker-pool] submitRequest(triggerId=us-central1-api)"}}
[info] i  functions: Beginning execution of "us-central1-api" {"metadata":{"emulator":{"name":"functions"},"function":{"name":"us-central1-api"},"extension":{},"message":"Beginning execution of \"us-central1-api\""}}
[debug] [2023-05-18T15:38:23.144Z] [worker-us-central1-api-707a594a-ca96-4437-aa92-e947bb20cf3e]: BUSY {"metadata":{"emulator":{"name":"functions"},"function":{"name":"us-central1-api"},"extension":{},"message":"[worker-us-central1-api-707a594a-ca96-4437-aa92-e947bb20cf3e]: BUSY"}}
[debug] [2023-05-18T15:38:23.149Z] Finishing up request with event=pause {"metadata":{"emulator":{"name":"functions"},"function":{"name":"us-central1-api"},"extension":{},"message":"Finishing up request with event=pause"}}
[info] i  functions: Finished "us-central1-api" in 4.571872ms {"metadata":{"emulator":{"name":"functions"},"function":{"name":"us-central1-api"},"extension":{},"message":"Finished \"us-central1-api\" in 4.571872ms"}}
[debug] [2023-05-18T15:38:23.149Z] [worker-us-central1-api-707a594a-ca96-4437-aa92-e947bb20cf3e]: IDLE {"metadata":{"emulator":{"name":"functions"},"function":{"name":"us-central1-api"},"extension":{},"message":"[worker-us-central1-api-707a594a-ca96-4437-aa92-e947bb20cf3e]: IDLE"}}
[debug] [2023-05-18T15:38:23.149Z] Finishing up request with event=finish {"metadata":{"emulator":{"name":"functions"},"function":{"name":"us-central1-api"},"extension":{},"message":"Finishing up request with event=finish"}}
[debug] [2023-05-18T15:38:23.149Z] Finishing up request with event=close {"metadata":{"emulator":{"name":"functions"},"function":{"name":"us-central1-api"},"extension":{},"message":"Finishing up request with event=close"}}
[debug] [2023-05-18T15:38:23.149Z] [work-queue] {"queuedWork":[],"queueLength":0,"runningWork":[],"workRunningCount":0}
[debug] [2023-05-18T15:38:54.295Z] [work-queue] {"queuedWork":["/jobiz-c95b8/us-central1/api/users/setupEmployee-2023-05-18T15:38:54.295Z"],"queueLength":1,"runningWork":[],"workRunningCount":0}
[debug] [2023-05-18T15:38:54.295Z] [work-queue] {"queuedWork":[],"queueLength":0,"runningWork":["/jobiz-c95b8/us-central1/api/users/setupEmployee-2023-05-18T15:38:54.295Z"],"workRunningCount":1}
[debug] [2023-05-18T15:38:54.295Z] Accepted request PUT /jobiz-c95b8/us-central1/api/users/setupEmployee --> us-central1-api
[debug] [2023-05-18T15:38:54.299Z] [functions] Runtime ready! Sending request! {"metadata":{"emulator":{"name":"functions"},"message":"[functions] Runtime ready! Sending request!"}}
[debug] [2023-05-18T15:38:54.299Z] [functions] Got req.url=/jobiz-c95b8/us-central1/api/users/setupEmployee, mapping to path=/users/setupEmployee {"metadata":{"emulator":{"name":"functions"},"message":"[functions] Got req.url=/jobiz-c95b8/us-central1/api/users/setupEmployee, mapping to path=/users/setupEmployee"}}
[debug] [2023-05-18T15:38:54.299Z] [worker-pool] submitRequest(triggerId=us-central1-api) {"metadata":{"emulator":{"name":"functions"},"message":"[worker-pool] submitRequest(triggerId=us-central1-api)"}}
[info] i  functions: Beginning execution of "us-central1-api" {"metadata":{"emulator":{"name":"functions"},"function":{"name":"us-central1-api"},"extension":{},"message":"Beginning execution of \"us-central1-api\""}}
[debug] [2023-05-18T15:38:54.300Z] [worker-us-central1-api-707a594a-ca96-4437-aa92-e947bb20cf3e]: BUSY {"metadata":{"emulator":{"name":"functions"},"function":{"name":"us-central1-api"},"extension":{},"message":"[worker-us-central1-api-707a594a-ca96-4437-aa92-e947bb20cf3e]: BUSY"}}
[debug] [2023-05-18T15:38:54.303Z] Finishing up request with event=pause {"metadata":{"emulator":{"name":"functions"},"function":{"name":"us-central1-api"},"extension":{},"message":"Finishing up request with event=pause"}}
[info] i  functions: Finished "us-central1-api" in 3.395467ms {"metadata":{"emulator":{"name":"functions"},"function":{"name":"us-central1-api"},"extension":{},"message":"Finished \"us-central1-api\" in 3.395467ms"}}
[debug] [2023-05-18T15:38:54.303Z] [worker-us-central1-api-707a594a-ca96-4437-aa92-e947bb20cf3e]: IDLE {"metadata":{"emulator":{"name":"functions"},"function":{"name":"us-central1-api"},"extension":{},"message":"[worker-us-central1-api-707a594a-ca96-4437-aa92-e947bb20cf3e]: IDLE"}}
[debug] [2023-05-18T15:38:54.303Z] Finishing up request with event=finish {"metadata":{"emulator":{"name":"functions"},"function":{"name":"us-central1-api"},"extension":{},"message":"Finishing up request with event=finish"}}
[debug] [2023-05-18T15:38:54.304Z] Finishing up request with event=close {"metadata":{"emulator":{"name":"functions"},"function":{"name":"us-central1-api"},"extension":{},"message":"Finishing up request with event=close"}}
[debug] [2023-05-18T15:38:54.304Z] [work-queue] {"queuedWork":[],"queueLength":0,"runningWork":[],"workRunningCount":0}
[debug] [2023-05-18T15:40:26.468Z] File /Users/yuriibaryliak/jobiz-backend/functions/src/routes/user.ts changed, reloading triggers {"metadata":{"emulator":{"name":"functions"},"message":"File /Users/yuriibaryliak/jobiz-backend/functions/src/routes/user.ts changed, reloading triggers"}}
[debug] [2023-05-18T15:40:27.470Z] Validating nodejs source
[debug] [2023-05-18T15:40:28.201Z] > [functions] package.json contents: {
  "name": "functions",
  "scripts": {
    "lint": "eslint --ext .js,.ts .",
    "build": "tsc",
    "build:watch": "tsc --watch",
    "serve": "npm run build && firebase emulators:start --only functions",
    "shell": "npm run build && firebase functions:shell",
    "start": "npm run shell",
    "deploy": "firebase deploy --only functions",
    "logs": "firebase functions:log",
    "prepare": "husky install"
  },
  "engines": {
    "node": "18"
  },
  "main": "lib/index.js",
  "dependencies": {
    "body-parser": "^1.20.2",
    "dotenv": "^16.0.3",
    "express": "^4.18.2",
    "firebase-admin": "^11.8.0",
    "firebase-functions": "^4.3.1",
    "helmet": "^7.0.0",
    "uuid": "^9.0.0",
    "yup": "^1.1.1"
  },
  "devDependencies": {
    "@types/uuid": "^9.0.1",
    "@typescript-eslint/eslint-plugin": "^5.12.0",
    "@typescript-eslint/parser": "^5.12.0",
    "eslint": "^8.9.0",
    "eslint-config-google": "^0.14.0",
    "eslint-plugin-import": "^2.25.4",
    "firebase-functions-test": "^3.1.0",
    "husky": ">=6",
    "jest": "^29.5.0",
    "lint-staged": ">=10",
    "prettier": "^2.8.8",
    "typescript": "^4.9.0"
  },
  "private": true,
  "lint-staged": {
    "*.{ts}": "eslint --cache --fix",
    "*.{ts,md}": "prettier --write"
  }
}
[debug] [2023-05-18T15:40:28.202Z] Building nodejs source
[debug] [2023-05-18T15:40:28.202Z] Failed to find version of module node: reached end of search path /Users/yuriibaryliak/jobiz-backend/functions/node_modules
[info] ✔  functions: Using node@18 from host. 
[debug] [2023-05-18T15:40:28.203Z] Could not find functions.yaml. Must use http discovery
[debug] [2023-05-18T15:40:28.204Z] Found firebase-functions binary at '/Users/yuriibaryliak/jobiz-backend/functions/node_modules/.bin/firebase-functions'
[debug] [2023-05-18T15:40:28.357Z] Serving at port 8298

[debug] [2023-05-18T15:40:28.569Z] Got response from /__/functions.yaml {"endpoints":{"api":{"platform":"gcfv1","availableMemoryMb":null,"timeoutSeconds":null,"minInstances":null,"maxInstances":null,"ingressSettings":null,"serviceAccountEmail":null,"vpc":null,"httpsTrigger":{},"entryPoint":"api"}},"specVersion":"v1alpha1","requiredAPIs":[]}
[debug] [2023-05-18T15:40:28.573Z] shutdown requested via /__/quitquitquit

[info] ✔  functions: Loaded functions definitions from source: api. {"metadata":{"emulator":{"name":"functions"},"message":"Loaded functions definitions from source: api."}}
[debug] [2023-05-18T15:40:28.583Z] [worker-pool] Shutting down IDLE worker (us-central1-api) {"metadata":{"emulator":{"name":"functions"},"message":"[worker-pool] Shutting down IDLE worker (us-central1-api)"}}
[debug] [2023-05-18T15:40:28.583Z] [worker-us-central1-api-707a594a-ca96-4437-aa92-e947bb20cf3e]: FINISHING {"metadata":{"emulator":{"name":"functions"},"function":{"name":"us-central1-api"},"extension":{},"message":"[worker-us-central1-api-707a594a-ca96-4437-aa92-e947bb20cf3e]: FINISHING"}}
[debug] [2023-05-18T15:40:28.592Z] [worker-us-central1-api-707a594a-ca96-4437-aa92-e947bb20cf3e]: exited {"metadata":{"emulator":{"name":"functions"},"function":{"name":"us-central1-api"},"extension":{},"message":"[worker-us-central1-api-707a594a-ca96-4437-aa92-e947bb20cf3e]: exited"}}
[debug] [2023-05-18T15:40:28.592Z] [worker-us-central1-api-707a594a-ca96-4437-aa92-e947bb20cf3e]: FINISHED {"metadata":{"emulator":{"name":"functions"},"function":{"name":"us-central1-api"},"extension":{},"message":"[worker-us-central1-api-707a594a-ca96-4437-aa92-e947bb20cf3e]: FINISHED"}}
